<?xml version="1.0" encoding="UTF-8"?>
<!-- Generated by org.testng.reporters.JUnitXMLReporter -->
<testsuite ignored="8" hostname="DESKTOP-3HVV2AC" failures="1" tests="9" name="Test" time="180.658" errors="0" timestamp="2021-09-17T12:30:38 IST">
  <testcase classname="com.crm.vtiger.contact.test.TC16_CreateOpportunitiesWithSalesStageIDTest" name="CreateOpportunitiesWithSalesStageIDTest" time="10.986">
    <skipped/>
  </testcase> <!-- CreateOpportunitiesWithSalesStageIDTest -->
  <testcase classname="com.crm.vtiger.contact.test.TC16_CreateOpportunitiesWithSalesStageIDTest" name="CreateOpportunitiesWithSalesStageIDTest" time="10.748">
    <skipped/>
  </testcase> <!-- CreateOpportunitiesWithSalesStageIDTest -->
  <testcase classname="com.crm.vtiger.contact.test.TC16_CreateOpportunitiesWithSalesStageIDTest" name="CreateOpportunitiesWithSalesStageIDTest" time="9.99">
    <skipped/>
  </testcase> <!-- CreateOpportunitiesWithSalesStageIDTest -->
  <testcase classname="com.crm.vtiger.contact.test.TC16_CreateOpportunitiesWithSalesStageIDTest" name="CreateOpportunitiesWithSalesStageIDTest" time="10.326">
    <skipped/>
  </testcase> <!-- CreateOpportunitiesWithSalesStageIDTest -->
  <testcase classname="com.crm.vtiger.contact.test.TC16_CreateOpportunitiesWithSalesStageIDTest" name="CreateOpportunitiesWithSalesStageIDTest" time="9.916">
    <failure type="java.lang.AssertionError" message="expected [true] but found [false]">
      <![CDATA[java.lang.AssertionError: expected [true] but found [false]
at com.crm.vtiger.contact.test.TC16_CreateOpportunitiesWithSalesStageIDTest.CreateOpportunitiesWithSalesStageIDTest(TC16_CreateOpportunitiesWithSalesStageIDTest.java:47)
at java.base/java.util.ArrayList.forEach(ArrayList.java:1511)
... Removed 33 stack frames]]>
    </failure>
  </testcase> <!-- CreateOpportunitiesWithSalesStageIDTest -->
  <testcase classname="com.crm.vtiger.contact.test.TC17_CreateOpportunitiesWithSalesStagePerceptionAnalysisTest" name="CreateOpportunitiesWithSalesStageIDTest" time="12.312"/>
  <testcase classname="com.crm.vtiger.contact.test.TC18_CreateOpportunitiesWithSalesStageProposalTest" name="CreateOpportunitiesWithSalesStageIDTest" time="12.062"/>
  <testcase classname="com.crm.vtiger.contact.test.TC19_CreateOpportunitiesWithSalesStageNegotionTest" name="CreateOpportunitiesWithSalesStageIDTest" time="12.599"/>
  <testcase classname="com.crm.vtiger.contact.test.TC20_CreateOpportunitiesWithSalesStageClosedWonTest2" name="CreateOpportunitiesWithSalesStageIDTest" time="12.338"/>
  <testcase classname="com.vtiger.genericUtils.BaseClass" name="@AfterSuite closeDB" time="0.0">
    <ignored/>
  </testcase> <!-- @AfterSuite closeDB -->
  <testcase classname="com.vtiger.genericUtils.BaseClass" name="@AfterSuite closeDB" time="0.0">
    <ignored/>
  </testcase> <!-- @AfterSuite closeDB -->
  <testcase classname="com.vtiger.genericUtils.BaseClass" name="@AfterSuite closeDB" time="0.0">
    <ignored/>
  </testcase> <!-- @AfterSuite closeDB -->
  <testcase classname="com.vtiger.genericUtils.BaseClass" name="@AfterSuite closeDB" time="0.0">
    <ignored/>
  </testcase> <!-- @AfterSuite closeDB -->
  <testcase classname="com.vtiger.genericUtils.BaseClass" name="@BeforeSuite connectDB" time="0.0">
    <ignored/>
  </testcase> <!-- @BeforeSuite connectDB -->
  <testcase classname="com.vtiger.genericUtils.BaseClass" name="@BeforeSuite connectDB" time="0.0">
    <ignored/>
  </testcase> <!-- @BeforeSuite connectDB -->
  <testcase classname="com.vtiger.genericUtils.BaseClass" name="@BeforeSuite connectDB" time="0.0">
    <ignored/>
  </testcase> <!-- @BeforeSuite connectDB -->
  <testcase classname="com.vtiger.genericUtils.BaseClass" name="@BeforeSuite connectDB" time="0.0">
    <ignored/>
  </testcase> <!-- @BeforeSuite connectDB -->
</testsuite> <!-- Test -->
