<?xml version="1.0" encoding="UTF-8"?>
<!-- Generated by org.testng.reporters.JUnitReportReporter -->
<testsuite hostname="DESKTOP-3HVV2AC" failures="0" tests="2" name="com.crm.vtiger.contact.test.TC17_CreateOpportunitiesWithSalesStagePerceptionAnalysisTest" time="1.684" errors="1" timestamp="2021-09-22T15:20:41 IST" skipped="1">
  <testcase classname="com.crm.vtiger.contact.test.TC17_CreateOpportunitiesWithSalesStagePerceptionAnalysisTest" name="CreateOpportunitiesWithSalesStageIDTest" time="0.000">
    <skipped/>
  </testcase> <!-- CreateOpportunitiesWithSalesStageIDTest -->
  <system-out/>
  <testcase classname="com.crm.vtiger.contact.test.TC17_CreateOpportunitiesWithSalesStagePerceptionAnalysisTest" name="launchBrowser" time="1.684">
    <error message="unknown error: Failed to create Chrome process.
Build info: version: &#039;3.141.59&#039;, revision: &#039;e82be7d358&#039;, time: &#039;2018-11-14T08:17:03&#039;
System info: host: &#039;DESKTOP-3HVV2AC&#039;, ip: &#039;192.168.150.5&#039;, os.name: &#039;Windows 10&#039;, os.arch: &#039;amd64&#039;, os.version: &#039;10.0&#039;, java.version: &#039;15.0.2&#039;
Driver info: driver.version: ChromeDriver
remote stacktrace: Backtrace:
	Ordinal0 [0x0098D403+2479107]
	Ordinal0 [0x00927D51+2063697]
	Ordinal0 [0x008320C8+1056968]
	Ordinal0 [0x0084C526+1164582]
	Ordinal0 [0x00849B7F+1153919]
	Ordinal0 [0x00879CBF+1350847]
	Ordinal0 [0x0087992A+1349930]
	Ordinal0 [0x0087583B+1333307]
	Ordinal0 [0x00851F94+1187732]
	Ordinal0 [0x00852DE9+1191401]
	GetHandleVerifier [0x00B0F3F6+1531734]
	GetHandleVerifier [0x00BBE9AE+2249998]
	GetHandleVerifier [0x00A139AB+501003]
	GetHandleVerifier [0x00A12A29+497033]
	Ordinal0 [0x0092D11D+2085149]
	Ordinal0 [0x009311C8+2101704]
	Ordinal0 [0x00931302+2102018]
	Ordinal0 [0x0093AA71+2140785]
	BaseThreadInitThunk [0x76C66359+25]
	RtlGetAppContainerNamedObjectPath [0x774D8944+228]
	RtlGetAppContainerNamedObjectPath [0x774D8914+180]
" type="org.openqa.selenium.WebDriverException">
      <![CDATA[org.openqa.selenium.WebDriverException: unknown error: Failed to create Chrome process.
Build info: version: '3.141.59', revision: 'e82be7d358', time: '2018-11-14T08:17:03'
System info: host: 'DESKTOP-3HVV2AC', ip: '192.168.150.5', os.name: 'Windows 10', os.arch: 'amd64', os.version: '10.0', java.version: '15.0.2'
Driver info: driver.version: ChromeDriver
remote stacktrace: Backtrace:
Ordinal0 [0x0098D403+2479107]
Ordinal0 [0x00927D51+2063697]
Ordinal0 [0x008320C8+1056968]
Ordinal0 [0x0084C526+1164582]
Ordinal0 [0x00849B7F+1153919]
Ordinal0 [0x00879CBF+1350847]
Ordinal0 [0x0087992A+1349930]
Ordinal0 [0x0087583B+1333307]
Ordinal0 [0x00851F94+1187732]
Ordinal0 [0x00852DE9+1191401]
GetHandleVerifier [0x00B0F3F6+1531734]
GetHandleVerifier [0x00BBE9AE+2249998]
GetHandleVerifier [0x00A139AB+501003]
GetHandleVerifier [0x00A12A29+497033]
Ordinal0 [0x0092D11D+2085149]
Ordinal0 [0x009311C8+2101704]
Ordinal0 [0x00931302+2102018]
Ordinal0 [0x0093AA71+2140785]
BaseThreadInitThunk [0x76C66359+25]
RtlGetAppContainerNamedObjectPath [0x774D8944+228]
RtlGetAppContainerNamedObjectPath [0x774D8914+180]

at java.base/jdk.internal.reflect.NativeConstructorAccessorImpl.newInstance0(Native Method)
at java.base/jdk.internal.reflect.NativeConstructorAccessorImpl.newInstance(NativeConstructorAccessorImpl.java:64)
at java.base/jdk.internal.reflect.DelegatingConstructorAccessorImpl.newInstance(DelegatingConstructorAccessorImpl.java:45)
at java.base/java.lang.reflect.Constructor.newInstanceWithCaller(Constructor.java:500)
at java.base/java.lang.reflect.Constructor.newInstance(Constructor.java:481)
at org.openqa.selenium.remote.W3CHandshakeResponse.lambda$errorHandler$0(W3CHandshakeResponse.java:62)
at org.openqa.selenium.remote.HandshakeResponse.lambda$getResponseFunction$0(HandshakeResponse.java:30)
at org.openqa.selenium.remote.ProtocolHandshake.lambda$createSession$0(ProtocolHandshake.java:126)
at java.base/java.util.stream.ReferencePipeline$3$1.accept(ReferencePipeline.java:195)
at java.base/java.util.Spliterators$ArraySpliterator.tryAdvance(Spliterators.java:958)
at java.base/java.util.stream.ReferencePipeline.forEachWithCancel(ReferencePipeline.java:127)
at java.base/java.util.stream.AbstractPipeline.copyIntoWithCancel(AbstractPipeline.java:502)
at java.base/java.util.stream.AbstractPipeline.copyInto(AbstractPipeline.java:488)
at java.base/java.util.stream.AbstractPipeline.wrapAndCopyInto(AbstractPipeline.java:474)
at java.base/java.util.stream.FindOps$FindOp.evaluateSequential(FindOps.java:150)
at java.base/java.util.stream.AbstractPipeline.evaluate(AbstractPipeline.java:234)
at java.base/java.util.stream.ReferencePipeline.findFirst(ReferencePipeline.java:543)
at org.openqa.selenium.remote.ProtocolHandshake.createSession(ProtocolHandshake.java:128)
at org.openqa.selenium.remote.ProtocolHandshake.createSession(ProtocolHandshake.java:74)
at org.openqa.selenium.remote.HttpCommandExecutor.execute(HttpCommandExecutor.java:136)
at org.openqa.selenium.remote.service.DriverCommandExecutor.execute(DriverCommandExecutor.java:83)
at org.openqa.selenium.remote.RemoteWebDriver.execute(RemoteWebDriver.java:552)
at org.openqa.selenium.remote.RemoteWebDriver.startSession(RemoteWebDriver.java:213)
at org.openqa.selenium.remote.RemoteWebDriver.<init>(RemoteWebDriver.java:131)
at org.openqa.selenium.chrome.ChromeDriver.<init>(ChromeDriver.java:181)
at org.openqa.selenium.chrome.ChromeDriver.<init>(ChromeDriver.java:168)
at org.openqa.selenium.chrome.ChromeDriver.<init>(ChromeDriver.java:123)
at com.vtiger.genericUtils.BaseClass.launchBrowser(BaseClass.java:46)
at java.base/jdk.internal.reflect.NativeMethodAccessorImpl.invoke0(Native Method)
at java.base/jdk.internal.reflect.NativeMethodAccessorImpl.invoke(NativeMethodAccessorImpl.java:64)
at java.base/jdk.internal.reflect.DelegatingMethodAccessorImpl.invoke(DelegatingMethodAccessorImpl.java:43)
at java.base/java.lang.reflect.Method.invoke(Method.java:564)
at org.testng.internal.MethodInvocationHelper.invokeMethod(MethodInvocationHelper.java:133)
at org.testng.internal.MethodInvocationHelper.invokeMethodConsideringTimeout(MethodInvocationHelper.java:62)
at org.testng.internal.ConfigInvoker.invokeConfigurationMethod(ConfigInvoker.java:385)
at org.testng.internal.ConfigInvoker.invokeConfigurations(ConfigInvoker.java:321)
at org.testng.internal.TestMethodWorker.invokeBeforeClassMethods(TestMethodWorker.java:176)
at org.testng.internal.TestMethodWorker.run(TestMethodWorker.java:122)
at java.base/java.util.ArrayList.forEach(ArrayList.java:1511)
at org.testng.TestRunner.privateRun(TestRunner.java:794)
at org.testng.TestRunner.run(TestRunner.java:596)
at org.testng.SuiteRunner.runTest(SuiteRunner.java:377)
at org.testng.SuiteRunner.runSequentially(SuiteRunner.java:371)
at org.testng.SuiteRunner.privateRun(SuiteRunner.java:332)
at org.testng.SuiteRunner.run(SuiteRunner.java:276)
at org.testng.SuiteRunnerWorker.runSuite(SuiteRunnerWorker.java:53)
at org.testng.SuiteRunnerWorker.run(SuiteRunnerWorker.java:96)
at org.testng.TestNG.runSuitesSequentially(TestNG.java:1212)
at org.testng.TestNG.runSuitesLocally(TestNG.java:1134)
at org.testng.TestNG.runSuites(TestNG.java:1063)
at org.testng.TestNG.run(TestNG.java:1031)
at org.testng.remote.AbstractRemoteTestNG.run(AbstractRemoteTestNG.java:115)
at org.testng.remote.RemoteTestNG.initAndRun(RemoteTestNG.java:251)
at org.testng.remote.RemoteTestNG.main(RemoteTestNG.java:77)
]]>
    </error>
  </testcase> <!-- launchBrowser -->
  <system-out/>
</testsuite> <!-- com.crm.vtiger.contact.test.TC17_CreateOpportunitiesWithSalesStagePerceptionAnalysisTest -->
